<?xml version="1.0" encoding="UTF-8"?>
<testsuite xmlns:xsi="http://www.w3.org/2001/XMLSchema-instance" xsi:noNamespaceSchemaLocation="https://maven.apache.org/surefire/maven-surefire-plugin/xsd/surefire-test-report-3.0.xsd" version="3.0" name="techchamps.io.AuthControllerTest" time="4.927" tests="6" errors="0" skipped="0" failures="0">
  <properties>
[...]
</properties>
  <testcase name="signinWithNonExistentUsernameShouldFail" classname="techchamps.io.AuthControllerTest" time="0.558">
    <system-out><![CDATA[09:52:10.231 [main] INFO org.springframework.test.context.support.AnnotationConfigContextLoaderUtils -- Could not detect default configuration classes for test class [techchamps.io.AuthControllerTest]: AuthControllerTest does not declare any static, non-private, non-final, nested classes annotated with @Configuration.
09:52:10.349 [main] INFO org.springframework.boot.test.context.SpringBootTestContextBootstrapper -- Found @SpringBootConfiguration techchamps.io.App for test class techchamps.io.AuthControllerTest

  .   ____          _            __ _ _
 /\\ / ___'_ __ _ _(_)_ __  __ _ \ \ \ \
( ( )\___ | '_ | '_| | '_ \/ _` | \ \ \ \
 \\/  ___)| |_)| | | | | || (_| |  ) ) ) )
  '  |____| .__|_| |_|_| |_\__, | / / / /
 =========|_|==============|___/=/_/_/_/
 :: Spring Boot ::                (v3.2.6)

2025-06-20T09:52:10.661+02:00  INFO 78473 --- [           main] techchamps.io.AuthControllerTest         : Starting AuthControllerTest using Java 23.0.1 with PID 78473 (started by arjanassink in /Users/arjanassink/werk/repros/ai-test/backend)
2025-06-20T09:52:10.662+02:00  INFO 78473 --- [           main] techchamps.io.AuthControllerTest         : No active profile set, falling back to 1 default profile: "default"
2025-06-20T09:52:11.334+02:00  INFO 78473 --- [           main] .s.d.r.c.RepositoryConfigurationDelegate : Bootstrapping Spring Data JPA repositories in DEFAULT mode.
2025-06-20T09:52:11.386+02:00  INFO 78473 --- [           main] .s.d.r.c.RepositoryConfigurationDelegate : Finished Spring Data repository scanning in 46 ms. Found 1 JPA repository interface.
2025-06-20T09:52:11.776+02:00  INFO 78473 --- [           main] com.zaxxer.hikari.HikariDataSource       : HikariPool-1 - Starting...
2025-06-20T09:52:11.933+02:00  INFO 78473 --- [           main] com.zaxxer.hikari.pool.HikariPool        : HikariPool-1 - Added connection conn0: url=jdbc:h2:mem:testdb user=SA
2025-06-20T09:52:11.934+02:00  INFO 78473 --- [           main] com.zaxxer.hikari.HikariDataSource       : HikariPool-1 - Start completed.
2025-06-20T09:52:11.982+02:00  INFO 78473 --- [           main] o.hibernate.jpa.internal.util.LogHelper  : HHH000204: Processing PersistenceUnitInfo [name: default]
2025-06-20T09:52:12.039+02:00  INFO 78473 --- [           main] org.hibernate.Version                    : HHH000412: Hibernate ORM core version 6.4.8.Final
2025-06-20T09:52:12.068+02:00  INFO 78473 --- [           main] o.h.c.internal.RegionFactoryInitiator    : HHH000026: Second-level cache disabled
2025-06-20T09:52:12.257+02:00  INFO 78473 --- [           main] o.s.o.j.p.SpringPersistenceUnitInfo      : No LoadTimeWeaver setup: ignoring JPA class transformer
2025-06-20T09:52:12.292+02:00  WARN 78473 --- [           main] org.hibernate.orm.deprecation            : HHH90000025: H2Dialect does not need to be specified explicitly using 'hibernate.dialect' (remove the property setting and it will be selected by default)
2025-06-20T09:52:12.906+02:00  INFO 78473 --- [           main] o.h.e.t.j.p.i.JtaPlatformInitiator       : HHH000489: No JTA platform available (set 'hibernate.transaction.jta.platform' to enable JTA platform integration)
2025-06-20T09:52:12.933+02:00  INFO 78473 --- [           main] j.LocalContainerEntityManagerFactoryBean : Initialized JPA EntityManagerFactory for persistence unit 'default'
2025-06-20T09:52:13.221+02:00  WARN 78473 --- [           main] JpaBaseConfiguration$JpaWebConfiguration : spring.jpa.open-in-view is enabled by default. Therefore, database queries may be performed during view rendering. Explicitly configure spring.jpa.open-in-view to disable this warning
2025-06-20T09:52:13.260+02:00  WARN 78473 --- [           main] .s.s.UserDetailsServiceAutoConfiguration : 

Using generated security password: 00b675bd-6c8d-482a-812f-274332ff5dec

This generated password is for development use only. Your security configuration must be updated before running your application in production.

2025-06-20T09:52:13.555+02:00  INFO 78473 --- [           main] o.s.s.web.DefaultSecurityFilterChain     : Will secure any request with [org.springframework.security.web.session.DisableEncodeUrlFilter@d863bb, org.springframework.security.web.context.request.async.WebAsyncManagerIntegrationFilter@76ebd595, org.springframework.security.web.context.SecurityContextHolderFilter@2e6f1f48, org.springframework.security.web.header.HeaderWriterFilter@33986be7, org.springframework.web.filter.CorsFilter@a7fd77f, org.springframework.security.web.authentication.logout.LogoutFilter@a70daf4, techchamps.io.SecurityConfig$JwtAuthFilter@4425b6ed, org.springframework.security.web.savedrequest.RequestCacheAwareFilter@574413bd, org.springframework.security.web.servletapi.SecurityContextHolderAwareRequestFilter@3ad9fea, org.springframework.security.web.authentication.AnonymousAuthenticationFilter@4560eb15, org.springframework.security.web.access.ExceptionTranslationFilter@3e265811, org.springframework.security.web.access.intercept.AuthorizationFilter@2cdb53d6]
2025-06-20T09:52:13.753+02:00  INFO 78473 --- [           main] o.s.b.a.h2.H2ConsoleAutoConfiguration    : H2 console available at '/h2-console'. Database available at 'jdbc:h2:mem:testdb'
2025-06-20T09:52:13.823+02:00  INFO 78473 --- [           main] o.s.b.t.m.w.SpringBootMockServletContext : Initializing Spring TestDispatcherServlet ''
2025-06-20T09:52:13.824+02:00  INFO 78473 --- [           main] o.s.t.web.servlet.TestDispatcherServlet  : Initializing Servlet ''
2025-06-20T09:52:13.825+02:00  INFO 78473 --- [           main] o.s.t.web.servlet.TestDispatcherServlet  : Completed initialization in 1 ms
2025-06-20T09:52:13.843+02:00  INFO 78473 --- [           main] techchamps.io.AuthControllerTest         : Started AuthControllerTest in 3.383 seconds (process running for 4.326)
]]></system-out>
    <system-err><![CDATA[WARNING: A Java agent has been loaded dynamically (/Users/arjanassink/.m2/repository/net/bytebuddy/byte-buddy-agent/1.14.16/byte-buddy-agent-1.14.16.jar)
WARNING: If a serviceability tool is in use, please run with -XX:+EnableDynamicAgentLoading to hide this warning
WARNING: If a serviceability tool is not in use, please run with -Djdk.instrument.traceUsage for more information
WARNING: Dynamic loading of agents will be disallowed by default in a future release
]]></system-err>
  </testcase>
  <testcase name="adminSigninShouldSucceed" classname="techchamps.io.AuthControllerTest" time="0.142"/>
  <testcase name="signupWithExistingUsernameShouldFail" classname="techchamps.io.AuthControllerTest" time="0.008"/>
  <testcase name="signinWithWrongPasswordShouldFail" classname="techchamps.io.AuthControllerTest" time="0.075"/>
  <testcase name="signupShouldSucceed" classname="techchamps.io.AuthControllerTest" time="0.081"/>
  <testcase name="signupWithExistingEmailShouldFail" classname="techchamps.io.AuthControllerTest" time="0.01"/>
</testsuite>